\BOOKMARK [1][-]{section.1}{Introdu\347\343o}{}% 1
\BOOKMARK [1][-]{section.2}{Especifica\347\343o}{}% 2
\BOOKMARK [2][-]{subsection.2.1}{Descri\347\343o}{section.2}% 3
\BOOKMARK [2][-]{subsection.2.2}{Core Views}{section.2}% 4
\BOOKMARK [3][-]{subsubsection.2.2.1}{Client Page: Display of client information and transaction history}{subsection.2.2}% 5
\BOOKMARK [3][-]{subsubsection.2.2.2}{Homepage: Overview of schedule}{subsection.2.2}% 6
\BOOKMARK [3][-]{subsubsection.2.2.3}{Meeting Page: Overview of meeting}{subsection.2.2}% 7
\BOOKMARK [3][-]{subsubsection.2.2.4}{New Client Page: Create page for new potencial client}{subsection.2.2}% 8
\BOOKMARK [3][-]{subsubsection.2.2.5}{New Meeting Page: Schedule meeting with client}{subsection.2.2}% 9
\BOOKMARK [3][-]{subsubsection.2.2.6}{New Order Page: Sell products to client}{subsection.2.2}% 10
\BOOKMARK [3][-]{subsubsection.2.2.7}{Order Status Page: Overview of order status}{subsection.2.2}% 11
\BOOKMARK [3][-]{subsubsection.2.2.8}{Product Page: Overview of product}{subsection.2.2}% 12
\BOOKMARK [3][-]{subsubsection.2.2.9}{Catalog Page: List of products}{subsection.2.2}% 13
\BOOKMARK [3][-]{subsubsection.2.2.10}{Administration Page: Overview of sales and sales team}{subsection.2.2}% 14
\BOOKMARK [2][-]{subsection.2.3}{Funcionalidades}{section.2}% 15
\BOOKMARK [1][-]{section.3}{Implementa\347\343o}{}% 16
\BOOKMARK [2][-]{subsection.3.1}{Interoperabilidade}{section.3}% 17
\BOOKMARK [3][-]{subsubsection.3.1.1}{Clientes}{subsection.3.1}% 18
\BOOKMARK [3][-]{subsubsection.3.1.2}{Reuni\365es}{subsection.3.1}% 19
\BOOKMARK [3][-]{subsubsection.3.1.3}{Armaz\351ns}{subsection.3.1}% 20
\BOOKMARK [3][-]{subsubsection.3.1.4}{Transa\347\365es}{subsection.3.1}% 21
\BOOKMARK [3][-]{subsubsection.3.1.5}{Artigos}{subsection.3.1}% 22
\BOOKMARK [3][-]{subsubsection.3.1.6}{Administrador}{subsection.3.1}% 23
\BOOKMARK [2][-]{subsection.3.2}{Caminhos}{section.3}% 24
\BOOKMARK [1][-]{section.4}{Arquitetura}{}% 25
\BOOKMARK [1][-]{section.5}{Especifica\347\343o vs Implementa\347\343o}{}% 26
\BOOKMARK [1][-]{section.6}{Conclus\365es}{}% 27
